<?xml version="1.0" encoding="UTF-8"?>
<!-- Generated by org.testng.reporters.JUnitReportReporter -->
<testsuite hostname="CC-MGAMAL" failures="0" tests="16" name="TestCase" time="88.576" errors="0" timestamp="2026-01-04T14:36:31 EET" skipped="0">
  <testcase classname="TestCase" name="testHasItems" time="1.715"/>
  <testcase classname="TestCase" name="testNotEmpty" time="1.710"/>
  <testcase classname="TestCase" name="testEmpty" time="7.135"/>
  <testcase classname="TestCase" name="testNot" time="1.715"/>
  <testcase classname="TestCase" name="extract" time="6.962"/>
  <testcase classname="TestCase" name="testSize" time="2.126"/>
  <testcase classname="TestCase" name="testEqualTo" time="8.714"/>
  <testcase classname="TestCase" name="IfError" time="6.961"/>
  <testcase classname="TestCase" name="testHasItem" time="8.683"/>
  <testcase classname="TestCase" name="testContainsInAnyOrder" time="8.687"/>
  <testcase classname="TestCase" name="testSTATUSCODE" time="0.554"/>
  <testcase classname="TestCase" name="testTime" time="0.541"/>
  <testcase classname="TestCase" name="assertOnResponseBody" time="8.712"/>
  <testcase classname="TestCase" name="extractObject" time="8.712"/>
  <testcase classname="TestCase" name="getLogs" time="6.961"/>
  <testcase classname="TestCase" name="testContains" time="8.688"/>
</testsuite> <!-- TestCase -->
