<?xml version="1.0" encoding="UTF-8"?>
<!-- Generated by org.testng.reporters.JUnitReportReporter -->
<testsuite hostname="CC-MGAMAL" failures="0" tests="13" name="TestCasesForSMSSTG" time="51.545" errors="0" timestamp="2026-01-04T14:36:31 EET" skipped="0">
  <testcase classname="TestCasesForSMSSTG" name="TokenWithStatus" time="9.141"/>
  <testcase classname="TestCasesForSMSSTG" name="InvalidTokenWithStatus" time="0.878"/>
  <testcase classname="TestCasesForSMSSTG" name="ValidPhoneNumber" time="9.835"/>
  <testcase classname="TestCasesForSMSSTG" name="InvalidPhoneNumber_Format" time="2.719"/>
  <testcase classname="TestCasesForSMSSTG" name="MissingPhoneNumber" time="0.393"/>
  <testcase classname="TestCasesForSMSSTG" name="ValidChannel_Format" time="7.562"/>
  <testcase classname="TestCasesForSMSSTG" name="InvalidChannel_Format" time="0.412"/>
  <testcase classname="TestCasesForSMSSTG" name="MissingChannel_Format" time="0.239"/>
  <testcase classname="TestCasesForSMSSTG" name="SendRequestWithoutCampaign" time="7.346"/>
  <testcase classname="TestCasesForSMSSTG" name="SendRequestWithoutSenderSenderTemplateMessageInfo" time="0.228"/>
  <testcase classname="TestCasesForSMSSTG" name="SendRequestWithoutFailover" time="6.959"/>
  <testcase classname="TestCasesForSMSSTG" name="AssertThatAPIWorkingWithoutLanguageANDMetaData" time="5.592"/>
  <testcase classname="TestCasesForSMSSTG" name="AssertThatChannelNotHaveSameChannelForFailOver" time="0.241"/>
</testsuite> <!-- TestCasesForSMSSTG -->
