<?xml version="1.0" encoding="UTF-8"?>
<!-- Generated by org.testng.reporters.JUnitReportReporter -->
<testsuite hostname="CC-MGAMAL" failures="0" tests="13" name="TestCasesForWhatsappSTG" time="20.990" errors="0" timestamp="2026-01-04T14:36:31 EET" skipped="0">
  <testcase classname="TestCasesForWhatsappSTG" name="TokenWithStatus" time="6.054"/>
  <testcase classname="TestCasesForWhatsappSTG" name="InvalidTokenWithStatus" time="0.854"/>
  <testcase classname="TestCasesForWhatsappSTG" name="ValidPhoneNumber" time="5.519"/>
  <testcase classname="TestCasesForWhatsappSTG" name="InvalidPhoneNumber_Format" time="2.721"/>
  <testcase classname="TestCasesForWhatsappSTG" name="MissingPhoneNumber" time="0.360"/>
  <testcase classname="TestCasesForWhatsappSTG" name="ValidChannel_Format" time="2.087"/>
  <testcase classname="TestCasesForWhatsappSTG" name="InvalidChannel_Format" time="0.383"/>
  <testcase classname="TestCasesForWhatsappSTG" name="MissingChannel_Format" time="0.245"/>
  <testcase classname="TestCasesForWhatsappSTG" name="SendRequestWithoutCampaign" time="1.021"/>
  <testcase classname="TestCasesForWhatsappSTG" name="SendRequestWithoutSenderSenderTemplateMessageInfo" time="0.238"/>
  <testcase classname="TestCasesForWhatsappSTG" name="SendRequestWithoutFailover" time="0.957"/>
  <testcase classname="TestCasesForWhatsappSTG" name="AssertThatAPIWorkingWithoutLanguageANDMetaData" time="0.327"/>
  <testcase classname="TestCasesForWhatsappSTG" name="AssertThatChannelNotHaveSameChannelForFailOver" time="0.224"/>
</testsuite> <!-- TestCasesForWhatsappSTG -->
