<?xml version="1.0" encoding="UTF-8"?>
<!-- Generated by org.testng.reporters.JUnitXMLReporter -->
<testsuite ignored="0" hostname="CC-MGAMAL" failures="3" tests="56" name="Surefire test" time="22.888" errors="0" timestamp="2026-01-04T14:36:31 EET">
  <testcase classname="TestCase" name="getLogs" time="6.961"/>
  <testcase classname="TestCase" name="extract" time="6.962"/>
  <testcase classname="TestCase" name="IfError" time="6.961"/>
  <testcase classname="TestCase" name="testEmpty" time="7.135"/>
  <testcase classname="TestCase" name="testSTATUSCODE" time="0.554"/>
  <testcase classname="TestCase" name="testNotEmpty" time="1.71"/>
  <testcase classname="TestCase" name="testHasItems" time="1.715"/>
  <testcase classname="TestCase" name="testNot" time="1.715"/>
  <testcase classname="TestCase" name="testHasItem" time="8.683"/>
  <testcase classname="TestCase" name="testContainsInAnyOrder" time="8.687"/>
  <testcase classname="TestCase" name="testContains" time="8.688"/>
  <testcase classname="TestCase" name="assertOnResponseBody" time="8.712"/>
  <testcase classname="TestCase" name="extractObject" time="8.712"/>
  <testcase classname="TestCase" name="testEqualTo" time="8.714"/>
  <testcase classname="TestCase" name="testTime" time="0.541"/>
  <testcase classname="TestCasesForEmailSTG" name="InvalidTokenWithStatus" time="0.878"/>
  <testcase classname="TestCasesForWhatsappSTG" name="InvalidTokenWithStatus" time="0.854"/>
  <testcase classname="TestCasesForSMSSTG" name="InvalidTokenWithStatus" time="0.878"/>
  <testcase classname="TestCase" name="testSize" time="2.126"/>
  <testcase classname="TestCasesForSMSSTG" name="InvalidPhoneNumber_Format" time="2.719"/>
  <testcase classname="TestCasesForEmailSTG" name="InvalidEmail_Format_Sender" time="2.47"/>
  <testcase classname="TestCasesForEmailSTG" name="InvalidEmail_Format_To" time="2.72"/>
  <testcase classname="TestCasesForWhatsappSTG" name="InvalidPhoneNumber_Format" time="2.721"/>
  <testcase classname="TestCasesForWhatsappSTG" name="MissingPhoneNumber" time="0.36"/>
  <testcase classname="TestCasesForEmailSTG" name="MissingEmail" time="0.367"/>
  <testcase classname="TestCasesForSMSSTG" name="MissingPhoneNumber" time="0.393"/>
  <testcase classname="TestCasesForWhatsappSTG" name="InvalidChannel_Format" time="0.383"/>
  <testcase classname="TestCasesForSMSSTG" name="InvalidChannel_Format" time="0.412"/>
  <testcase classname="TestCasesForEmailSTG" name="InvalidChannel_Format" time="0.32"/>
  <testcase classname="TestCasesForSMSSTG" name="MissingChannel_Format" time="0.239"/>
  <testcase classname="TestCasesForWhatsappSTG" name="MissingChannel_Format" time="0.245"/>
  <testcase classname="TestCasesForEmailSTG" name="MissingChannel_Format" time="0.265"/>
  <testcase classname="TestCasesForWhatsappSTG" name="ValidChannel_Format" time="2.087"/>
  <testcase classname="TestCasesForWhatsappSTG" name="TokenWithStatus" time="6.054"/>
  <testcase classname="TestCasesForWhatsappSTG" name="ValidPhoneNumber" time="5.519"/>
  <testcase classname="TestCasesForSMSSTG" name="SendRequestWithoutSenderSenderTemplateMessageInfo" time="0.228"/>
  <testcase classname="TestCasesForWhatsappSTG" name="SendRequestWithoutSenderSenderTemplateMessageInfo" time="0.238"/>
  <testcase classname="TestCasesForWhatsappSTG" name="SendRequestWithoutCampaign" time="1.021"/>
  <testcase classname="TestCasesForWhatsappSTG" name="SendRequestWithoutFailover" time="0.957"/>
  <testcase classname="TestCasesForEmailSTG" name="SendRequestWithoutSenderSenderTemplateMessageInfo" time="0.272"/>
  <testcase classname="TestCasesForWhatsappSTG" name="AssertThatAPIWorkingWithoutLanguageANDMetaData" time="0.327"/>
  <testcase classname="TestCasesForEmailSTG" name="TokenWithStatus" time="8.427"/>
  <testcase classname="TestCasesForEmailSTG" name="ValidChannel_Format" time="4.078">
    <failure type="java.lang.AssertionError" message="1 expectation failed.
Expected response time was not a value less than &amp;lt;3000L&amp;gt; milliseconds, was 4031 milliseconds (4031 milliseconds).">
      <![CDATA[java.lang.AssertionError: 1 expectation failed.
Expected response time was not a value less than <3000L> milliseconds, was 4031 milliseconds (4031 milliseconds).
at org.codehaus.groovy.runtime.callsite.ConstructorSite$ConstructorSiteNoUnwrapNoCoerce.callConstructor(ConstructorSite.java:108)
at org.codehaus.groovy.runtime.callsite.CallSiteArray.defaultCallConstructor(CallSiteArray.java:57)
at org.codehaus.groovy.runtime.callsite.AbstractCallSite.callConstructor(AbstractCallSite.java:263)
at org.codehaus.groovy.runtime.callsite.AbstractCallSite.callConstructor(AbstractCallSite.java:277)
at io.restassured.internal.ResponseSpecificationImpl$HamcrestAssertionClosure.validate(ResponseSpecificationImpl.groovy:512)
at io.restassured.internal.ResponseSpecificationImpl$HamcrestAssertionClosure$validate$26.call(Unknown Source)
at io.restassured.internal.ResponseSpecificationImpl.validateResponseIfRequired(ResponseSpecificationImpl.groovy:696)
at io.restassured.internal.ResponseSpecificationImpl.this$2$validateResponseIfRequired(ResponseSpecificationImpl.groovy)
at org.codehaus.groovy.runtime.callsite.PlainObjectMetaMethodSite.doInvoke(PlainObjectMetaMethodSite.java:43)
at org.codehaus.groovy.runtime.callsite.PogoMetaMethodSite$PogoCachedMethodSiteNoUnwrapNoCoerce.invoke(PogoMetaMethodSite.java:198)
at org.codehaus.groovy.runtime.callsite.PogoMetaMethodSite.callCurrent(PogoMetaMethodSite.java:62)
at org.codehaus.groovy.runtime.callsite.AbstractCallSite.callCurrent(AbstractCallSite.java:185)
at io.restassured.internal.ResponseSpecificationImpl.time(ResponseSpecificationImpl.groovy:127)
at io.restassured.internal.ValidatableResponseOptionsImpl.time(ValidatableResponseOptionsImpl.java:409)
at io.restassured.internal.ValidatableResponseOptionsImpl.time(ValidatableResponseOptionsImpl.java:405)
at TestCasesForEmailSTG.ValidChannel_Format(TestCasesForEmailSTG.java:248)
at java.base/java.util.concurrent.Executors$RunnableAdapter.call(Executors.java:572)
at java.base/java.util.concurrent.FutureTask.run(FutureTask.java:317)
at java.base/java.util.concurrent.ThreadPoolExecutor.runWorker(ThreadPoolExecutor.java:1144)
at java.base/java.util.concurrent.ThreadPoolExecutor$Worker.run(ThreadPoolExecutor.java:642)
at java.base/java.lang.Thread.run(Thread.java:1575)
... Removed 17 stack frames]]>
    </failure>
  </testcase> <!-- ValidChannel_Format -->
  <testcase classname="TestCasesForEmailSTG" name="ValidEmail" time="8.434">
    <failure type="java.lang.AssertionError" message="1 expectation failed.
Expected response time was not a value less than &amp;lt;4000L&amp;gt; milliseconds, was 8369 milliseconds (8369 milliseconds).">
      <![CDATA[java.lang.AssertionError: 1 expectation failed.
Expected response time was not a value less than <4000L> milliseconds, was 8369 milliseconds (8369 milliseconds).
at org.codehaus.groovy.runtime.callsite.ConstructorSite$ConstructorSiteNoUnwrapNoCoerce.callConstructor(ConstructorSite.java:108)
at org.codehaus.groovy.runtime.callsite.CallSiteArray.defaultCallConstructor(CallSiteArray.java:57)
at org.codehaus.groovy.runtime.callsite.AbstractCallSite.callConstructor(AbstractCallSite.java:263)
at org.codehaus.groovy.runtime.callsite.AbstractCallSite.callConstructor(AbstractCallSite.java:277)
at io.restassured.internal.ResponseSpecificationImpl$HamcrestAssertionClosure.validate(ResponseSpecificationImpl.groovy:512)
at io.restassured.internal.ResponseSpecificationImpl$HamcrestAssertionClosure$validate$26.call(Unknown Source)
at io.restassured.internal.ResponseSpecificationImpl.validateResponseIfRequired(ResponseSpecificationImpl.groovy:696)
at io.restassured.internal.ResponseSpecificationImpl.this$2$validateResponseIfRequired(ResponseSpecificationImpl.groovy)
at org.codehaus.groovy.runtime.callsite.PlainObjectMetaMethodSite.doInvoke(PlainObjectMetaMethodSite.java:43)
at org.codehaus.groovy.runtime.callsite.PogoMetaMethodSite$PogoCachedMethodSiteNoUnwrapNoCoerce.invoke(PogoMetaMethodSite.java:198)
at org.codehaus.groovy.runtime.callsite.PogoMetaMethodSite.callCurrent(PogoMetaMethodSite.java:62)
at org.codehaus.groovy.runtime.callsite.AbstractCallSite.callCurrent(AbstractCallSite.java:185)
at io.restassured.internal.ResponseSpecificationImpl.time(ResponseSpecificationImpl.groovy:127)
at io.restassured.internal.ValidatableResponseOptionsImpl.time(ValidatableResponseOptionsImpl.java:409)
at io.restassured.internal.ValidatableResponseOptionsImpl.time(ValidatableResponseOptionsImpl.java:405)
at TestCasesForEmailSTG.ValidEmail(TestCasesForEmailSTG.java:112)
at java.base/java.util.concurrent.Executors$RunnableAdapter.call(Executors.java:572)
at java.base/java.util.concurrent.FutureTask.run(FutureTask.java:317)
at java.base/java.util.concurrent.ThreadPoolExecutor.runWorker(ThreadPoolExecutor.java:1144)
at java.base/java.util.concurrent.ThreadPoolExecutor$Worker.run(ThreadPoolExecutor.java:642)
at java.base/java.lang.Thread.run(Thread.java:1575)
... Removed 17 stack frames]]>
    </failure>
  </testcase> <!-- ValidEmail -->
  <testcase classname="TestCasesForSMSSTG" name="AssertThatChannelNotHaveSameChannelForFailOver" time="0.241"/>
  <testcase classname="TestCasesForWhatsappSTG" name="AssertThatChannelNotHaveSameChannelForFailOver" time="0.224"/>
  <testcase classname="TestCasesForSMSSTG" name="TokenWithStatus" time="9.141"/>
  <testcase classname="TestCasesForEmailSTG" name="AssertThatChannelNotHaveSameChannelForFailOver" time="0.291"/>
  <testcase classname="TestCasesForSMSSTG" name="ValidPhoneNumber" time="9.835"/>
  <testcase classname="TestCasesForEmailSTG" name="SendRequestWithoutCampaign" time="4.808">
    <failure type="java.lang.AssertionError" message="1 expectation failed.
Expected response time was not a value less than &amp;lt;3000L&amp;gt; milliseconds, was 4801 milliseconds (4801 milliseconds).">
      <![CDATA[java.lang.AssertionError: 1 expectation failed.
Expected response time was not a value less than <3000L> milliseconds, was 4801 milliseconds (4801 milliseconds).
at org.codehaus.groovy.runtime.callsite.ConstructorSite$ConstructorSiteNoUnwrapNoCoerce.callConstructor(ConstructorSite.java:108)
at org.codehaus.groovy.runtime.callsite.AbstractCallSite.callConstructor(AbstractCallSite.java:277)
at io.restassured.internal.ResponseSpecificationImpl$HamcrestAssertionClosure.validate(ResponseSpecificationImpl.groovy:512)
at io.restassured.internal.ResponseSpecificationImpl$HamcrestAssertionClosure$validate$26.call(Unknown Source)
at io.restassured.internal.ResponseSpecificationImpl.validateResponseIfRequired(ResponseSpecificationImpl.groovy:696)
at io.restassured.internal.ResponseSpecificationImpl.this$2$validateResponseIfRequired(ResponseSpecificationImpl.groovy)
at org.codehaus.groovy.runtime.callsite.PlainObjectMetaMethodSite.doInvoke(PlainObjectMetaMethodSite.java:43)
at org.codehaus.groovy.runtime.callsite.PogoMetaMethodSite$PogoCachedMethodSiteNoUnwrapNoCoerce.invoke(PogoMetaMethodSite.java:198)
at org.codehaus.groovy.runtime.callsite.PogoMetaMethodSite.callCurrent(PogoMetaMethodSite.java:62)
at org.codehaus.groovy.runtime.callsite.AbstractCallSite.callCurrent(AbstractCallSite.java:185)
at io.restassured.internal.ResponseSpecificationImpl.time(ResponseSpecificationImpl.groovy:127)
at io.restassured.internal.ValidatableResponseOptionsImpl.time(ValidatableResponseOptionsImpl.java:409)
at io.restassured.internal.ValidatableResponseOptionsImpl.time(ValidatableResponseOptionsImpl.java:405)
at TestCasesForEmailSTG.SendRequestWithoutCampaign(TestCasesForEmailSTG.java:348)
at java.base/java.util.concurrent.Executors$RunnableAdapter.call(Executors.java:572)
at java.base/java.util.concurrent.FutureTask.run(FutureTask.java:317)
at java.base/java.util.concurrent.ThreadPoolExecutor.runWorker(ThreadPoolExecutor.java:1144)
at java.base/java.util.concurrent.ThreadPoolExecutor$Worker.run(ThreadPoolExecutor.java:642)
at java.base/java.lang.Thread.run(Thread.java:1575)
... Removed 17 stack frames]]>
    </failure>
  </testcase> <!-- SendRequestWithoutCampaign -->
  <testcase classname="TestCasesForSMSSTG" name="ValidChannel_Format" time="7.562"/>
  <testcase classname="TestCasesForEmailSTG" name="SendRequestWithoutFailover" time="2.743"/>
  <testcase classname="TestCasesForEmailSTG" name="AssertThatAPIWorkingWithoutLanguageANDMetaData" time="2.718"/>
  <testcase classname="TestCasesForSMSSTG" name="SendRequestWithoutCampaign" time="7.346"/>
  <testcase classname="TestCasesForSMSSTG" name="AssertThatAPIWorkingWithoutLanguageANDMetaData" time="5.592"/>
  <testcase classname="TestCasesForSMSSTG" name="SendRequestWithoutFailover" time="6.959"/>
</testsuite> <!-- Surefire test -->
